<?xml version="1.0" encoding="UTF-8"?>
<!-- Generated by org.testng.reporters.JUnitReportReporter -->
<testsuite hostname="ubuntu" failures="0" tests="3" name="FBAccountDataProviderAnnotetionUse.CreateFBAccountTestNGClass" time="219.457" errors="0" timestamp="2023-07-01T16:19:26 IST" skipped="0">
  <testcase classname="FBAccountDataProviderAnnotetionUse.CreateFBAccountTestNGClass" name="FBAccount" time="55.207"/>
  <testcase classname="FBAccountDataProviderAnnotetionUse.CreateFBAccountTestNGClass" name="FBAccount" time="118.988"/>
  <testcase classname="FBAccountDataProviderAnnotetionUse.CreateFBAccountTestNGClass" name="FBAccount" time="45.262"/>
</testsuite> <!-- FBAccountDataProviderAnnotetionUse.CreateFBAccountTestNGClass -->
