<?xml version="1.0" encoding="UTF-8"?>
<!-- Generated by org.testng.reporters.JUnitReportReporter -->
<testsuite hostname="ubuntu" failures="0" tests="4" name="testNGKeywords.pirority" time="0.018" errors="0" timestamp="2023-06-13T15:14:54 IST" skipped="0">
  <testcase classname="testNGKeywords.pirority" name="c" time="0.003">
    <system-out>
      <![CDATA[c runing]]>
    </system-out>
  </testcase> <!-- c -->
  <testcase classname="testNGKeywords.pirority" name="d" time="0.002">
    <system-out>
      <![CDATA[d runing]]>
    </system-out>
  </testcase> <!-- d -->
  <testcase classname="testNGKeywords.pirority" name="b" time="0.002">
    <system-out>
      <![CDATA[b runing]]>
    </system-out>
  </testcase> <!-- b -->
  <testcase classname="testNGKeywords.pirority" name="a" time="0.011">
    <system-out>
      <![CDATA[a runing]]>
    </system-out>
  </testcase> <!-- a -->
  <system-out>
    <![CDATA[a runing
b runing
c runing
d runing]]>
  </system-out>
</testsuite> <!-- testNGKeywords.pirority -->
