<?xml version="1.0" encoding="UTF-8"?>
<!-- Generated by org.testng.reporters.JUnitReportReporter -->
<testsuite hostname="ubuntu" failures="0" tests="3" name="testNGXML.TestNGClassStudy1" time="0.017" errors="0" timestamp="2023-06-16T13:13:24 IST" skipped="0">
  <testcase classname="testNGXML.TestNGClassStudy1" name="b" time="0.002">
    <system-out>
      <![CDATA[b is running]]>
    </system-out>
  </testcase> <!-- b -->
  <testcase classname="testNGXML.TestNGClassStudy1" name="c" time="0.002">
    <system-out>
      <![CDATA[c is running]]>
    </system-out>
  </testcase> <!-- c -->
  <testcase classname="testNGXML.TestNGClassStudy1" name="a" time="0.013">
    <system-out>
      <![CDATA[a is running]]>
    </system-out>
  </testcase> <!-- a -->
  <system-out>
    <![CDATA[a is running
b is running
c is running
d is running
e is running
f is running
myMethod1 is running
myMethod2 is running
myMethod3 is running
myMethod4 is running
myMethod5 is running]]>
  </system-out>
</testsuite> <!-- testNGXML.TestNGClassStudy1 -->
