<?xml version="1.0" encoding="UTF-8"?>
<!-- Generated by org.testng.reporters.JUnitReportReporter -->
<testsuite hostname="ubuntu" failures="0" tests="3" name="testNGXML.TestNGClassStudy" time="0.006" errors="0" timestamp="2023-06-15T16:44:33 IST" skipped="0">
  <testcase classname="testNGXML.TestNGClassStudy" name="d" time="0.002">
    <system-out>
      <![CDATA[d is running]]>
    </system-out>
  </testcase> <!-- d -->
  <testcase classname="testNGXML.TestNGClassStudy" name="f" time="0.002">
    <system-out>
      <![CDATA[f is running]]>
    </system-out>
  </testcase> <!-- f -->
  <testcase classname="testNGXML.TestNGClassStudy" name="e" time="0.002">
    <system-out>
      <![CDATA[e is running]]>
    </system-out>
  </testcase> <!-- e -->
  <system-out>
    <![CDATA[a is running
b is running
c is running
d is running
e is running
f is running]]>
  </system-out>
</testsuite> <!-- testNGXML.TestNGClassStudy -->
