<?xml version="1.0" encoding="UTF-8"?>
<!-- Generated by org.testng.reporters.JUnitReportReporter -->
<testsuite hostname="ubuntu" failures="0" tests="1" name="testNGXML.BrowserStudy" time="28.669" errors="0" timestamp="2023-06-17T15:15:53 IST" skipped="0">
  <testcase classname="testNGXML.BrowserStudy" name="MultiBrowser" time="28.669"/>
</testsuite> <!-- testNGXML.BrowserStudy -->
