<?xml version="1.0" encoding="UTF-8"?>
<!-- Generated by org.testng.reporters.JUnitReportReporter -->
<testsuite hostname="ubuntu" failures="0" tests="3" name="testNGXML.TestNGClassStudy2" time="0.006" errors="0" timestamp="2023-06-16T13:13:24 IST" skipped="0">
  <testcase classname="testNGXML.TestNGClassStudy2" name="e" time="0.002">
    <system-out>
      <![CDATA[e is running]]>
    </system-out>
  </testcase> <!-- e -->
  <testcase classname="testNGXML.TestNGClassStudy2" name="d" time="0.002">
    <system-out>
      <![CDATA[d is running]]>
    </system-out>
  </testcase> <!-- d -->
  <testcase classname="testNGXML.TestNGClassStudy2" name="f" time="0.002">
    <system-out>
      <![CDATA[f is running]]>
    </system-out>
  </testcase> <!-- f -->
  <system-out>
    <![CDATA[a is running
b is running
c is running
d is running
e is running
f is running
myMethod1 is running
myMethod2 is running
myMethod3 is running
myMethod4 is running
myMethod5 is running]]>
  </system-out>
</testsuite> <!-- testNGXML.TestNGClassStudy2 -->
