<?xml version="1.0" encoding="UTF-8"?>
<!-- Generated by org.testng.reporters.JUnitReportReporter -->
<testsuite hostname="ubuntu" failures="0" tests="1" name="PBtest.PB_TC1234_validateUNUsePropertyFile" time="15.174" errors="0" timestamp="2023-07-03T15:48:39 IST" skipped="0">
  <testcase classname="PBtest.PB_TC1234_validateUNUsePropertyFile" name="validateUN" time="15.174">
    <system-out>
      <![CDATA[This validateUN Started..........
get Actual UN
Reading Data UN From propertyFile
takeing scrrenshot
ScreenShot path is......./home/ubuntu/Desktop/Priyanka/PBScrrenshotvalidateUN.png
This validateUN method run successfully......thanku]]>
    </system-out>
  </testcase> <!-- validateUN -->
  <system-out>
    <![CDATA[waiting for1000 Mili sec
Reading Data url From propertyFile
Launching PolicyBazaar
waiting for1000 Mili sec
Clicking on Homepage SignIn Button
waiting for1000 Mili sec
Reading Data MobNo From propertyFile
Enter Mobile Number
waiting for1000 Mili sec
Clicking on SignIn With Password
waiting for1000 Mili sec
Reading Data pwd From propertyFile
Enter enter Password
waiting for1000 Mili sec
Clicking sign In Button
waiting for1000 Mili sec
Clicking on My Account
waiting for1000 Mili sec
Clicking on My profile
waiting for1000 Mili sec
switch focus main page to child page
waiting for2000 Mili sec
This validateUN Started..........
get Actual UN
Reading Data UN From propertyFile
takeing scrrenshot
ScreenShot path is......./home/ubuntu/Desktop/Priyanka/PBScrrenshotvalidateUN.png
This validateUN method run successfully......thanku
Login Out.........
waiting for1000 Mili sec
ClosingBrowser..............]]>
  </system-out>
</testsuite> <!-- PBtest.PB_TC1234_validateUNUsePropertyFile -->
