<?xml version="1.0" encoding="UTF-8"?>
<!-- Generated by org.testng.reporters.JUnitReportReporter -->
<testsuite hostname="ubuntu" failures="0" tests="2" name="testNGStudy.MY1stTestNGCode" time="7.284" errors="0" timestamp="2023-06-09T17:04:16 IST" skipped="0">
  <testcase classname="testNGStudy.MY1stTestNGCode" name="demo" time="7.278"/>
  <testcase classname="testNGStudy.MY1stTestNGCode" name="demo1" time="0.006">
    <system-out>
      <![CDATA[demo 1 exicuted]]>
    </system-out>
  </testcase> <!-- demo1 -->
  <system-out>
    <![CDATA[demo 1 exicuted]]>
  </system-out>
</testsuite> <!-- testNGStudy.MY1stTestNGCode -->
