<?xml version="1.0" encoding="UTF-8"?>
<!-- Generated by org.testng.reporters.JUnitReportReporter -->
<testsuite hostname="ubuntu" failures="0" tests="4" name="testNGKeywords.priority" time="0.020" errors="0" timestamp="2023-06-15T14:38:44 IST" skipped="0">
  <testcase classname="testNGKeywords.priority" name="b" time="0.012">
    <system-out>
      <![CDATA[b runing]]>
    </system-out>
  </testcase> <!-- b -->
  <testcase classname="testNGKeywords.priority" name="d" time="0.003">
    <system-out>
      <![CDATA[d runing]]>
    </system-out>
  </testcase> <!-- d -->
  <testcase classname="testNGKeywords.priority" name="a" time="0.002">
    <system-out>
      <![CDATA[a runing]]>
    </system-out>
  </testcase> <!-- a -->
  <testcase classname="testNGKeywords.priority" name="c" time="0.003">
    <system-out>
      <![CDATA[c runing]]>
    </system-out>
  </testcase> <!-- c -->
  <system-out>
    <![CDATA[b runing
d runing
a runing
c runing]]>
  </system-out>
</testsuite> <!-- testNGKeywords.priority -->
