<?xml version="1.0" encoding="UTF-8"?>
<!-- Generated by org.testng.reporters.JUnitReportReporter -->
<testsuite hostname="ubuntu" failures="0" tests="3" name="testNGXML.TestNGClassRUnUsingXMl" time="0.016" errors="0" timestamp="2023-06-15T16:44:33 IST" skipped="0">
  <testcase classname="testNGXML.TestNGClassRUnUsingXMl" name="c" time="0.002">
    <system-out>
      <![CDATA[c is running]]>
    </system-out>
  </testcase> <!-- c -->
  <testcase classname="testNGXML.TestNGClassRUnUsingXMl" name="a" time="0.012">
    <system-out>
      <![CDATA[a is running]]>
    </system-out>
  </testcase> <!-- a -->
  <testcase classname="testNGXML.TestNGClassRUnUsingXMl" name="b" time="0.002">
    <system-out>
      <![CDATA[b is running]]>
    </system-out>
  </testcase> <!-- b -->
  <system-out>
    <![CDATA[a is running
b is running
c is running
d is running
e is running
f is running]]>
  </system-out>
</testsuite> <!-- testNGXML.TestNGClassRUnUsingXMl -->
