<?xml version="1.0" encoding="UTF-8"?>
<!-- Generated by org.testng.reporters.JUnitReportReporter -->
<testsuite hostname="ubuntu" failures="0" tests="1" name="TestNGSerialAndParallelStudy.OpenInstra" time="8.361" errors="0" timestamp="2023-06-17T15:12:03 IST" skipped="0">
  <testcase classname="TestNGSerialAndParallelStudy.OpenInstra" name="INstra" time="8.361"/>
</testsuite> <!-- TestNGSerialAndParallelStudy.OpenInstra -->
