<?xml version="1.0" encoding="UTF-8"?>
<!-- Generated by org.testng.reporters.JUnitReportReporter -->
<testsuite hostname="ubuntu" failures="0" tests="1" name="TestNGPOMPolicyBazaarStaticCoding.validatePolicyBazaarUNStatic" time="9.719" errors="0" timestamp="2023-06-27T22:44:27 IST" skipped="0">
  <testcase classname="TestNGPOMPolicyBazaarStaticCoding.validatePolicyBazaarUNStatic" name="VarifyValidateUN" time="9.719">
    <system-out>
      <![CDATA[Validate UN is==> Priyanka Dilip Jadhav]]>
    </system-out>
  </testcase> <!-- VarifyValidateUN -->
  <system-out>
    <![CDATA[Validate UN is==> Priyanka Dilip Jadhav]]>
  </system-out>
</testsuite> <!-- TestNGPOMPolicyBazaarStaticCoding.validatePolicyBazaarUNStatic -->
