<?xml version="1.0" encoding="UTF-8"?>
<!-- Generated by org.testng.reporters.JUnitReportReporter -->
<testsuite hostname="ubuntu" failures="0" tests="1" name="FBAccountDataProviderAnnotetionUse.CreateFBAccount" time="13.542" errors="0" timestamp="2023-07-01T14:23:02 IST" skipped="0">
  <testcase classname="FBAccountDataProviderAnnotetionUse.CreateFBAccount" name="FBAccount" time="13.542"/>
</testsuite> <!-- FBAccountDataProviderAnnotetionUse.CreateFBAccount -->
