<?xml version="1.0" encoding="UTF-8"?>
<!-- Generated by org.testng.reporters.JUnitReportReporter -->
<testsuite hostname="ubuntu" failures="0" tests="2" name="testNGXML.GroupStudy2" time="0.005" errors="0" timestamp="2023-06-17T14:35:59 IST" skipped="0">
  <testcase classname="testNGXML.GroupStudy2" name="h" time="0.002">
    <system-out>
      <![CDATA[h is running]]>
    </system-out>
  </testcase> <!-- h -->
  <testcase classname="testNGXML.GroupStudy2" name="e" time="0.003">
    <system-out>
      <![CDATA[e is running]]>
    </system-out>
  </testcase> <!-- e -->
  <system-out>
    <![CDATA[b is running
c is running
e is running
h is running]]>
  </system-out>
</testsuite> <!-- testNGXML.GroupStudy2 -->
