<?xml version="1.0" encoding="UTF-8"?>
<!-- Generated by org.testng.reporters.JUnitReportReporter -->
<testsuite hostname="ubuntu" failures="0" tests="1" name="PBtest.ValidatePolicyUNDynamic" time="16.785" errors="0" timestamp="2023-07-02T22:21:17 IST" skipped="0">
  <testcase classname="PBtest.ValidatePolicyUNDynamic" name="validateUN" time="16.785">
    <system-out>
      <![CDATA[get Actual UN
Reading data From ExcelSheet RowNois 0 CellNo is 2
takeing scrrenshot
ScreenShot path is......./home/ubuntu/Desktop/Priyanka/PBScrrenshotPriyanka Dilip Jadhav PB_TC_123.png]]>
    </system-out>
  </testcase> <!-- validateUN -->
  <system-out>
    <![CDATA[waiting for1000 Mili sec
Launching PolicyBazaar
waiting for1000 Mili sec
Clicking on Homepage SignIn Button
waiting for1000 Mili sec
Reading data From ExcelSheet RowNois 0 CellNo is 0
Enter Mobile Number
waiting for1000 Mili sec
Clicking on SignIn With Password
waiting for1000 Mili sec
Reading data From ExcelSheet RowNois 0 CellNo is 1
Enter enter Password
waiting for1000 Mili sec
Clicking sign In Button
waiting for1000 Mili sec
Clicking on My Account
waiting for1000 Mili sec
Clicking on My profile
waiting for1000 Mili sec
switch focus main page to child page
waiting for1000 Mili sec
get Actual UN
Reading data From ExcelSheet RowNois 0 CellNo is 2
takeing scrrenshot
ScreenShot path is......./home/ubuntu/Desktop/Priyanka/PBScrrenshotPriyanka Dilip Jadhav PB_TC_123.png
Login Out.........
waiting for1000 Mili sec
ClosingBrowser..............]]>
  </system-out>
</testsuite> <!-- PBtest.ValidatePolicyUNDynamic -->
