<?xml version="1.0" encoding="UTF-8"?>
<!-- Generated by org.testng.reporters.JUnitReportReporter -->
<testsuite hostname="ubuntu" failures="0" tests="2" name="testNGStudy.TestNGAnnotationsUse" time="0.014" errors="0" timestamp="2023-06-12T15:27:22 IST" skipped="0">
  <testcase classname="testNGStudy.TestNGAnnotationsUse" name="romoveProductFromCart" time="0.003">
    <system-out>
      <![CDATA[romoveProductFromCart]]>
    </system-out>
  </testcase> <!-- romoveProductFromCart -->
  <testcase classname="testNGStudy.TestNGAnnotationsUse" name="addToCartFunctionality" time="0.011">
    <system-out>
      <![CDATA[Add To Cart Functionality]]>
    </system-out>
  </testcase> <!-- addToCartFunctionality -->
  <system-out>
    <![CDATA[Open Browser Successfully
Login Flipcart Application
Add To Cart Functionality
Logout Flipcart Application
Login Flipcart Application
romoveProductFromCart
Logout Flipcart Application
Close Browser Successfully]]>
  </system-out>
</testsuite> <!-- testNGStudy.TestNGAnnotationsUse -->
