<?xml version="1.0" encoding="UTF-8"?>
<!-- Generated by org.testng.reporters.JUnitReportReporter -->
<testsuite hostname="ubuntu" failures="0" tests="4" name="testNGKeywords.InvocationCount" time="0.018" errors="0" timestamp="2023-06-13T15:06:38 IST" skipped="0">
  <testcase classname="testNGKeywords.InvocationCount" name="busbooking" time="0.003">
    <system-out>
      <![CDATA[bus booking in running]]>
    </system-out>
  </testcase> <!-- busbooking -->
  <testcase classname="testNGKeywords.InvocationCount" name="phonebooking" time="0.002">
    <system-out>
      <![CDATA[phone booking in running]]>
    </system-out>
  </testcase> <!-- phonebooking -->
  <testcase classname="testNGKeywords.InvocationCount" name="busbooking" time="0.002">
    <system-out>
      <![CDATA[bus booking in running]]>
    </system-out>
  </testcase> <!-- busbooking -->
  <testcase classname="testNGKeywords.InvocationCount" name="busbooking" time="0.011">
    <system-out>
      <![CDATA[bus booking in running]]>
    </system-out>
  </testcase> <!-- busbooking -->
  <system-out>
    <![CDATA[bus booking in running
bus booking in running
bus booking in running
phone booking in running]]>
  </system-out>
</testsuite> <!-- testNGKeywords.InvocationCount -->
