<?xml version="1.0" encoding="UTF-8"?>
<!-- Generated by org.testng.reporters.JUnitReportReporter -->
<testsuite hostname="ubuntu" failures="0" tests="1" name="crossBrowser.FireFoxTest" time="27.599" errors="0" timestamp="2023-06-17T08:48:00 IST" skipped="0">
  <testcase classname="crossBrowser.FireFoxTest" name="fireFoxse" time="27.599"/>
</testsuite> <!-- crossBrowser.FireFoxTest -->
