<?xml version="1.0" encoding="UTF-8"?>
<!-- Generated by org.testng.reporters.JUnitReportReporter -->
<testsuite hostname="ubuntu" failures="0" tests="2" name="PolicyBazaarDataProviderAnnotetionUse.UseTNGClassvalidatePolicyBazaarUNDyanamic" time="35.104" errors="0" timestamp="2023-07-01T17:23:02 IST" skipped="0">
  <testcase classname="PolicyBazaarDataProviderAnnotetionUse.UseTNGClassvalidatePolicyBazaarUNDyanamic" name="VarifyValidateUN" time="15.705">
    <system-out>
      <![CDATA[Validate UN is==> Rajashri Kadam]]>
    </system-out>
  </testcase> <!-- VarifyValidateUN -->
  <testcase classname="PolicyBazaarDataProviderAnnotetionUse.UseTNGClassvalidatePolicyBazaarUNDyanamic" name="VarifyValidateUN" time="19.399">
    <system-out>
      <![CDATA[Validate UN is==> Priyanka Dilip Jadhav]]>
    </system-out>
  </testcase> <!-- VarifyValidateUN -->
  <system-out>
    <![CDATA[Validate UN is==> Priyanka Dilip Jadhav
Validate UN is==> Rajashri Kadam]]>
  </system-out>
</testsuite> <!-- PolicyBazaarDataProviderAnnotetionUse.UseTNGClassvalidatePolicyBazaarUNDyanamic -->
