<?xml version="1.0" encoding="UTF-8"?>
<!-- Generated by org.testng.reporters.JUnitReportReporter -->
<testsuite hostname="ubuntu" failures="0" tests="4" name="testNGKeywords.enabled" time="0.018" errors="0" timestamp="2023-06-14T14:40:19 IST" skipped="1">
  <testcase classname="testNGKeywords.enabled" name="a" time="0.014">
    <system-out>
      <![CDATA[a is runnig]]>
    </system-out>
  </testcase> <!-- a -->
  <testcase classname="testNGKeywords.enabled" name="c" time="0.002">
    <system-out>
      <![CDATA[c is runnig]]>
    </system-out>
  </testcase> <!-- c -->
  <testcase classname="testNGKeywords.enabled" name="b" time="0.002">
    <system-out>
      <![CDATA[b is runnig]]>
    </system-out>
  </testcase> <!-- b -->
  <testcase classname="testNGKeywords.enabled" name="d">
    <skipped/>
  </testcase> <!-- d -->
  <system-out>
    <![CDATA[a is runnig
b is runnig
c is runnig]]>
  </system-out>
</testsuite> <!-- testNGKeywords.enabled -->
