<?xml version="1.0" encoding="UTF-8"?>
<!-- Generated by org.testng.reporters.JUnitReportReporter -->
<testsuite hostname="ubuntu" failures="0" tests="2" name="testNGXML.GroupStudy1" time="0.016" errors="0" timestamp="2023-06-17T14:35:59 IST" skipped="0">
  <testcase classname="testNGXML.GroupStudy1" name="b" time="0.013">
    <system-out>
      <![CDATA[b is running]]>
    </system-out>
  </testcase> <!-- b -->
  <testcase classname="testNGXML.GroupStudy1" name="c" time="0.003">
    <system-out>
      <![CDATA[c is running]]>
    </system-out>
  </testcase> <!-- c -->
  <system-out>
    <![CDATA[b is running
c is running
e is running
h is running]]>
  </system-out>
</testsuite> <!-- testNGXML.GroupStudy1 -->
