<?xml version="1.0" encoding="UTF-8"?>
<!-- Generated by org.testng.reporters.JUnitReportReporter -->
<testsuite hostname="ubuntu" failures="0" tests="4" name="testNGXML.MYMethodStudy2" time="0.007" errors="0" timestamp="2023-06-16T12:29:48 IST" skipped="0">
  <testcase classname="testNGXML.MYMethodStudy2" name="myMethod6" time="0.002">
    <system-out>
      <![CDATA[myMethod6 is running]]>
    </system-out>
  </testcase> <!-- myMethod6 -->
  <testcase classname="testNGXML.MYMethodStudy2" name="myMethod10" time="0.002">
    <system-out>
      <![CDATA[myMethod10 is running]]>
    </system-out>
  </testcase> <!-- myMethod10 -->
  <testcase classname="testNGXML.MYMethodStudy2" name="myMethod9" time="0.002">
    <system-out>
      <![CDATA[myMethod9 is running]]>
    </system-out>
  </testcase> <!-- myMethod9 -->
  <testcase classname="testNGXML.MYMethodStudy2" name="myMethod7" time="0.001">
    <system-out>
      <![CDATA[myMethod7 is running]]>
    </system-out>
  </testcase> <!-- myMethod7 -->
  <system-out>
    <![CDATA[myMethod1 is running
myMethod3 is running
myMethod10 is running
myMethod6 is running
myMethod7 is running
myMethod9 is running]]>
  </system-out>
</testsuite> <!-- testNGXML.MYMethodStudy2 -->
