<?xml version="1.0" encoding="UTF-8"?>
<!-- Generated by org.testng.reporters.JUnitReportReporter -->
<testsuite hostname="ubuntu" failures="0" tests="1" name="TestNGPOMPolicyBazaarDyanamicCoding.UseTNGClassvalidatePolicyBazaarUNDyanamic" time="10.796" errors="0" timestamp="2023-07-02T14:45:36 IST" skipped="0">
  <testcase classname="TestNGPOMPolicyBazaarDyanamicCoding.UseTNGClassvalidatePolicyBazaarUNDyanamic" name="VarifyValidateUN" time="10.796">
    <system-out>
      <![CDATA[Validate UN is==> Priyanka Dilip Jadhav]]>
    </system-out>
  </testcase> <!-- VarifyValidateUN -->
  <system-out>
    <![CDATA[Validate UN is==> Priyanka Dilip Jadhav]]>
  </system-out>
</testsuite> <!-- TestNGPOMPolicyBazaarDyanamicCoding.UseTNGClassvalidatePolicyBazaarUNDyanamic -->
