<?xml version="1.0" encoding="UTF-8"?>
<!-- Generated by org.testng.reporters.JUnitReportReporter -->
<testsuite hostname="ubuntu" failures="0" tests="1" name="TestNGSerialAndParallelStudy.OPenFb" time="7.897" errors="0" timestamp="2023-06-17T15:12:03 IST" skipped="0">
  <testcase classname="TestNGSerialAndParallelStudy.OPenFb" name="Fb" time="7.897"/>
</testsuite> <!-- TestNGSerialAndParallelStudy.OPenFb -->
