<?xml version="1.0" encoding="UTF-8"?>
<!-- Generated by org.testng.reporters.JUnitReportReporter -->
<testsuite hostname="ubuntu" failures="0" tests="1" name="TestNGPOMPolicyBazaarStaticCoding.UseTNGClassvalidatePolicyBazaarUNStatic" time="16.278" errors="0" timestamp="2023-07-02T14:08:56 IST" skipped="0">
  <testcase classname="TestNGPOMPolicyBazaarStaticCoding.UseTNGClassvalidatePolicyBazaarUNStatic" name="VarifyValidateUN" time="16.278">
    <system-out>
      <![CDATA[Validate UN is==> Priyanka Dilip Jadhav]]>
    </system-out>
  </testcase> <!-- VarifyValidateUN -->
  <system-out>
    <![CDATA[Validate UN is==> Priyanka Dilip Jadhav]]>
  </system-out>
</testsuite> <!-- TestNGPOMPolicyBazaarStaticCoding.UseTNGClassvalidatePolicyBazaarUNStatic -->
