<?xml version="1.0" encoding="UTF-8"?>
<!-- Generated by org.testng.reporters.JUnitReportReporter -->
<testsuite hostname="ubuntu" failures="0" tests="3" name="FBAccountDataProviderAnnotetionUse.CreateFBAccountTestNGClass$CreateFBAccount" time="36.494" errors="0" timestamp="2023-07-01T15:34:03 IST" skipped="0">
  <testcase classname="FBAccountDataProviderAnnotetionUse.CreateFBAccountTestNGClass$CreateFBAccount" name="fbAcc" time="9.791"/>
  <testcase classname="FBAccountDataProviderAnnotetionUse.CreateFBAccountTestNGClass$CreateFBAccount" name="fbAcc" time="12.574"/>
  <testcase classname="FBAccountDataProviderAnnotetionUse.CreateFBAccountTestNGClass$CreateFBAccount" name="fbAcc" time="14.129"/>
</testsuite> <!-- FBAccountDataProviderAnnotetionUse.CreateFBAccountTestNGClass$CreateFBAccount -->
