<?xml version="1.0" encoding="UTF-8"?>
<!-- Generated by org.testng.reporters.JUnitReportReporter -->
<testsuite hostname="ubuntu" failures="0" tests="3" name="testNGXML.TestNGClassRunUsingXML1" time="0.009" errors="0" timestamp="2023-06-15T16:41:05 IST" skipped="0">
  <testcase classname="testNGXML.TestNGClassRunUsingXML1" name="d" time="0.003">
    <system-out>
      <![CDATA[d is running]]>
    </system-out>
  </testcase> <!-- d -->
  <testcase classname="testNGXML.TestNGClassRunUsingXML1" name="f" time="0.003">
    <system-out>
      <![CDATA[f is running]]>
    </system-out>
  </testcase> <!-- f -->
  <testcase classname="testNGXML.TestNGClassRunUsingXML1" name="e" time="0.003">
    <system-out>
      <![CDATA[e is running]]>
    </system-out>
  </testcase> <!-- e -->
  <system-out>
    <![CDATA[a is running
b is running
c is running
d is running
e is running
f is running]]>
  </system-out>
</testsuite> <!-- testNGXML.TestNGClassRunUsingXML1 -->
