<?xml version="1.0" encoding="UTF-8"?>
<!-- Generated by org.testng.reporters.JUnitReportReporter -->
<testsuite hostname="ubuntu" failures="0" tests="2" name="testNGStudy.AnnotationsStudy" time="0.011" errors="0" timestamp="2023-06-12T15:23:54 IST" skipped="0">
  <testcase classname="testNGStudy.AnnotationsStudy" name="getGender" time="0.002">
    <system-out>
      <![CDATA[get Gender ]]>
    </system-out>
  </testcase> <!-- getGender -->
  <testcase classname="testNGStudy.AnnotationsStudy" name="ValidateUSername" time="0.009">
    <system-out>
      <![CDATA[Validate Username ]]>
    </system-out>
  </testcase> <!-- ValidateUSername -->
  <system-out>
    <![CDATA[Browseropen successfully..... 
login successfully..... 
Validate Username 
logout  successfully..... 
login successfully..... 
get Gender 
logout  successfully..... 
Browser close successfully..... ]]>
  </system-out>
</testsuite> <!-- testNGStudy.AnnotationsStudy -->
