<?xml version="1.0" encoding="UTF-8"?>
<!-- Generated by org.testng.reporters.JUnitReportReporter -->
<testsuite hostname="ubuntu" failures="0" tests="1" name="TestNGPOMPolicyBazaarStaticCoding.validatePolicyBazaarUN" time="12.790" errors="0" timestamp="2023-06-27T19:13:44 IST" skipped="0">
  <testcase classname="TestNGPOMPolicyBazaarStaticCoding.validatePolicyBazaarUN" name="VarifyValidateUN" time="12.790">
    <system-out>
      <![CDATA[Validate UN is==> Priyanka Dilip Jadhav]]>
    </system-out>
  </testcase> <!-- VarifyValidateUN -->
  <system-out>
    <![CDATA[Validate UN is==> Priyanka Dilip Jadhav]]>
  </system-out>
</testsuite> <!-- TestNGPOMPolicyBazaarStaticCoding.validatePolicyBazaarUN -->
